Determining if the pthread_create exist failed with the following output:
Change Dir: /home/nano/liujian/test_websocket/build/CMakeFiles/CMakeTmp

Run Build Command:"/usr/bin/make" "cmTC_0b5ba/fast"
/usr/bin/make -f CMakeFiles/cmTC_0b5ba.dir/build.make CMakeFiles/cmTC_0b5ba.dir/build
make[1]: Entering directory '/home/nano/liujian/test_websocket/build/CMakeFiles/CMakeTmp'
Building C object CMakeFiles/cmTC_0b5ba.dir/CheckSymbolExists.c.o
/usr/bin/aarch64-linux-gnu-gcc   -fPIC    -o CMakeFiles/cmTC_0b5ba.dir/CheckSymbolExists.c.o   -c /home/nano/liujian/test_websocket/build/CMakeFiles/CMakeTmp/CheckSymbolExists.c
Linking C executable cmTC_0b5ba
/usr/bin/cmake -E cmake_link_script CMakeFiles/cmTC_0b5ba.dir/link.txt --verbose=1
/usr/bin/aarch64-linux-gnu-gcc -fPIC     -rdynamic CMakeFiles/cmTC_0b5ba.dir/CheckSymbolExists.c.o  -o cmTC_0b5ba 
CMakeFiles/cmTC_0b5ba.dir/CheckSymbolExists.c.o: In function `main':
CheckSymbolExists.c:(.text+0x14): undefined reference to `pthread_create'
CheckSymbolExists.c:(.text+0x18): undefined reference to `pthread_create'
collect2: error: ld returned 1 exit status
CMakeFiles/cmTC_0b5ba.dir/build.make:97: recipe for target 'cmTC_0b5ba' failed
make[1]: *** [cmTC_0b5ba] Error 1
make[1]: Leaving directory '/home/nano/liujian/test_websocket/build/CMakeFiles/CMakeTmp'
Makefile:126: recipe for target 'cmTC_0b5ba/fast' failed
make: *** [cmTC_0b5ba/fast] Error 2

File /home/nano/liujian/test_websocket/build/CMakeFiles/CMakeTmp/CheckSymbolExists.c:
/* */
#include <pthread.h>

int main(int argc, char** argv)
{
  (void)argv;
#ifndef pthread_create
  return ((int*)(&pthread_create))[argc];
#else
  (void)argc;
  return 0;
#endif
}

Determining if the function pthread_create exists in the pthreads failed with the following output:
Change Dir: /home/nano/liujian/test_websocket/build/CMakeFiles/CMakeTmp

Run Build Command:"/usr/bin/make" "cmTC_d1aad/fast"
/usr/bin/make -f CMakeFiles/cmTC_d1aad.dir/build.make CMakeFiles/cmTC_d1aad.dir/build
make[1]: Entering directory '/home/nano/liujian/test_websocket/build/CMakeFiles/CMakeTmp'
Building C object CMakeFiles/cmTC_d1aad.dir/CheckFunctionExists.c.o
/usr/bin/aarch64-linux-gnu-gcc   -fPIC -DCHECK_FUNCTION_EXISTS=pthread_create   -o CMakeFiles/cmTC_d1aad.dir/CheckFunctionExists.c.o   -c /usr/share/cmake-3.10/Modules/CheckFunctionExists.c
Linking C executable cmTC_d1aad
/usr/bin/cmake -E cmake_link_script CMakeFiles/cmTC_d1aad.dir/link.txt --verbose=1
/usr/bin/aarch64-linux-gnu-gcc -fPIC -DCHECK_FUNCTION_EXISTS=pthread_create    -rdynamic CMakeFiles/cmTC_d1aad.dir/CheckFunctionExists.c.o  -o cmTC_d1aad -lpthreads 
/usr/bin/ld: cannot find -lpthreads
collect2: error: ld returned 1 exit status
CMakeFiles/cmTC_d1aad.dir/build.make:97: recipe for target 'cmTC_d1aad' failed
make[1]: *** [cmTC_d1aad] Error 1
make[1]: Leaving directory '/home/nano/liujian/test_websocket/build/CMakeFiles/CMakeTmp'
Makefile:126: recipe for target 'cmTC_d1aad/fast' failed
make: *** [cmTC_d1aad/fast] Error 2


